<?xml version="1.0" encoding="UTF-8"?>
<testsuite xmlns:xsi="http://www.w3.org/2001/XMLSchema-instance" xsi:noNamespaceSchemaLocation="https://maven.apache.org/surefire/maven-surefire-plugin/xsd/surefire-test-report.xsd" version="3.0.2" name="org.example.humblehome.HumbleHomeApplicationTests" time="2.25" tests="1" errors="0" skipped="0" failures="0">
  <properties>
[...]
</properties>
  <testcase name="contextLoads" classname="org.example.humblehome.HumbleHomeApplicationTests" time="0.816">
    <system-out><![CDATA[21:54:44.099 [main] INFO org.springframework.test.context.support.AnnotationConfigContextLoaderUtils -- Could not detect default configuration classes for test class [org.example.humblehome.HumbleHomeApplicationTests]: HumbleHomeApplicationTests does not declare any static, non-private, non-final, nested classes annotated with @Configuration.
21:54:44.258 [main] INFO org.springframework.boot.test.context.SpringBootTestContextBootstrapper -- Found @SpringBootConfiguration org.example.humblehome.HumbleHomeApplication for test class org.example.humblehome.HumbleHomeApplicationTests

  .   ____          _            __ _ _
 /\\ / ___'_ __ _ _(_)_ __  __ _ \ \ \ \
( ( )\___ | '_ | '_| | '_ \/ _` | \ \ \ \
 \\/  ___)| |_)| | | | | || (_| |  ) ) ) )
  '  |____| .__|_| |_|_| |_\__, | / / / /
 =========|_|==============|___/=/_/_/_/

 :: Spring Boot ::                (v3.5.6)

2025-12-09T21:54:44.780+01:00  INFO 11924 --- [HumbleHome] [           main] o.e.h.HumbleHomeApplicationTests         : Starting HumbleHomeApplicationTests using Java 21.0.1 with PID 11924 (started by ASUS in C:\Users\ASUS\Desktop\vefn)
2025-12-09T21:54:44.781+01:00  INFO 11924 --- [HumbleHome] [           main] o.e.h.HumbleHomeApplicationTests         : No active profile set, falling back to 1 default profile: "default"
2025-12-09T21:54:45.297+01:00  INFO 11924 --- [HumbleHome] [           main] o.e.h.HumbleHomeApplicationTests         : Started HumbleHomeApplicationTests in 0.844 seconds (process running for 2.023)
]]></system-out>
    <system-err><![CDATA[Mockito is currently self-attaching to enable the inline-mock-maker. This will no longer work in future releases of the JDK. Please add Mockito as an agent to your build as described in Mockito's documentation: https://javadoc.io/doc/org.mockito/mockito-core/latest/org.mockito/org/mockito/Mockito.html#0.3
WARNING: A Java agent has been loaded dynamically (C:\Users\ASUS\.m2\repository\net\bytebuddy\byte-buddy-agent\1.17.7\byte-buddy-agent-1.17.7.jar)
WARNING: If a serviceability tool is in use, please run with -XX:+EnableDynamicAgentLoading to hide this warning
WARNING: If a serviceability tool is not in use, please run with -Djdk.instrument.traceUsage for more information
WARNING: Dynamic loading of agents will be disallowed by default in a future release
]]></system-err>
  </testcase>
</testsuite>